#
# A fatal error has been detected by the Java Runtime Environment:
#
#  EXCEPTION_ACCESS_VIOLATION (0xc0000005) at pc=0x000000006ecc4759, pid=26104, tid=20772
#
# JRE version: Java(TM) SE Runtime Environment (7.0_79-b15) (build 1.7.0_79-b15)
# Java VM: Java HotSpot(TM) 64-Bit Server VM (24.79-b02 mixed mode windows-amd64 compressed oops)
# Problematic frame:
# V  [jvm.dll+0x54759]
#
# Failed to write core dump. Minidumps are not enabled by default on client versions of Windows
#
# If you would like to submit a bug report, please visit:
#   http://bugreport.java.com/bugreport/crash.jsp
#

---------------  T H R E A D  ---------------

Current thread (0x000000000acfc800):  JavaThread "JDWP Transport Listener: dt_socket" daemon [_thread_in_vm, id=20772, stack(0x000000000cbf0000,0x000000000ccf0000)]

siginfo: ExceptionCode=0xc0000005, reading address 0x000000000000000c

Registers:
RAX=0x000000000000000c, RBX=0x000000000acfc800, RCX=0x0000000000000003, RDX=0x0000000000000000
RSP=0x000000000ccef4c0, RBP=0x000000000000000c, RSI=0x0000000000000000, RDI=0x0000000000000010
R8 =0x00000007d71b9420, R9 =0x0000000000000000, R10=0x0000000000000000, R11=0x0000000000000001
R12=0x0000000000000000, R13=0x000000000acef958, R14=0x0000000000000000, R15=0x0000000000000000
RIP=0x000000006ecc4759, EFLAGS=0x0000000000010246

Top of Stack: (sp=0x000000000ccef4c0)
0x000000000ccef4c0:   000000000acfc800 0000000000000000
0x000000000ccef4d0:   0000000000000000 000000000acfc800
0x000000000ccef4e0:   0000000000000000 000000006ed8d9c7
0x000000000ccef4f0:   00000007d71b9420 000000000ccef610
0x000000000ccef500:   000000000d1ed5d8 000000000ccef5e0
0x000000000ccef510:   000000000acfc800 0000000000000000
0x000000000ccef520:   000000000d1ed5d8 000000000ccef610
0x000000000ccef530:   0000000000000000 000000000acef958
0x000000000ccef540:   0000000000000000 00000000670a7d15
0x000000000ccef550:   000000000ccef5e0 000000000ccef610
0x000000000ccef560:   000000000d1ed5d8 000000000acfc9e8
0x000000000ccef570:   000000000df4330a 00000000670af090
0x000000000ccef580:   000000000a010a01 000000000ccef680
0x000000000ccef590:   000000000acef501 000000000acef501
0x000000000ccef5a0:   00000d0300000013 000000000a010a00
0x000000000ccef5b0:   0000000002207040 000000006edfe7fa 

Instructions: (pc=0x000000006ecc4759)
0x000000006ecc4739:   d2 48 8b c5 eb 18 48 8b d0 48 8b c5 48 d3 e2 48
0x000000006ecc4749:   03 15 61 31 6a 00 eb 06 48 8b 12 48 8b c7 48 98
0x000000006ecc4759:   8b 14 10 85 d2 74 2a 45 84 db 4c 63 c6 48 0f 45
0x000000006ecc4769:   fd 8d 47 0b 48 63 c8 48 83 e1 f8 48 c1 e9 03 8d 


Register to memory mapping:

RAX=0x000000000000000c is an unknown value
RBX=0x000000000acfc800 is a thread
RCX=0x0000000000000003 is an unknown value
RDX=0x0000000000000000 is an unknown value
RSP=0x000000000ccef4c0 is pointing into the stack for thread: 0x000000000acfc800
RBP=0x000000000000000c is an unknown value
RSI=0x0000000000000000 is an unknown value
RDI=0x0000000000000010 is an unknown value
R8 =0x00000007d71b9420 is an oop
java.lang.String 
 - klass: 'java/lang/String'
R9 =0x0000000000000000 is an unknown value
R10=0x0000000000000000 is an unknown value
R11=0x0000000000000001 is an unknown value
R12=0x0000000000000000 is an unknown value
R13=0x000000000acef958 is an unknown value
R14=0x0000000000000000 is an unknown value
R15=0x0000000000000000 is an unknown value


Stack: [0x000000000cbf0000,0x000000000ccf0000],  sp=0x000000000ccef4c0,  free space=1021k
Native frames: (J=compiled Java code, j=interpreted, Vv=VM code, C=native code)
V  [jvm.dll+0x54759]


---------------  P R O C E S S  ---------------

Java Threads: ( => current thread )
  0x000000000cee8800 JavaThread "Service Thread" daemon [_thread_blocked, id=16980, stack(0x000000000d5f0000,0x000000000d6f0000)]
  0x000000000cedc000 JavaThread "C2 CompilerThread1" daemon [_thread_blocked, id=22464, stack(0x000000000d470000,0x000000000d570000)]
  0x000000000cedb000 JavaThread "C2 CompilerThread0" daemon [_thread_blocked, id=17832, stack(0x000000000c9b0000,0x000000000cab0000)]
  0x000000000ced9800 JavaThread "JDWP Command Reader" daemon [_thread_in_native, id=28844, stack(0x000000000d370000,0x000000000d470000)]
  0x000000000ad07800 JavaThread "JDWP Event Helper Thread" daemon [_thread_blocked, id=32560, stack(0x000000000cdd0000,0x000000000ced0000)]
=>0x000000000acfc800 JavaThread "JDWP Transport Listener: dt_socket" daemon [_thread_in_vm, id=20772, stack(0x000000000cbf0000,0x000000000ccf0000)]
  0x000000000acf3000 JavaThread "Attach Listener" daemon [_thread_blocked, id=13788, stack(0x000000000c190000,0x000000000c290000)]
  0x000000000acee000 JavaThread "Signal Dispatcher" daemon [_thread_blocked, id=12760, stack(0x000000000c030000,0x000000000c130000)]
  0x000000000ac9b000 JavaThread "Finalizer" daemon [_thread_blocked, id=15028, stack(0x000000000be70000,0x000000000bf70000)]
  0x000000000ac94000 JavaThread "Reference Handler" daemon [_thread_blocked, id=22768, stack(0x000000000bae0000,0x000000000bbe0000)]
  0x000000000239e800 JavaThread "main" [_thread_blocked, id=31648, stack(0x0000000002660000,0x0000000002760000)]

Other Threads:
  0x000000000ac90800 VMThread [stack: 0x000000000bc60000,0x000000000bd60000] [id=12612]
  0x000000000cef2000 WatcherThread [stack: 0x0000000006300000,0x0000000006400000] [id=25188]

VM state:not at safepoint (normal execution)

VM Mutex/Monitor currently owned by a thread: None

Heap
 PSYoungGen      total 38400K, used 27392K [0x00000007d5c00000, 0x00000007da700000, 0x0000000800000000)
  eden space 33280K, 66% used [0x00000007d5c00000,0x00000007d71c2b50,0x00000007d7c80000)
  from space 5120K, 99% used [0x00000007d7c80000,0x00000007d817d6c0,0x00000007d8180000)
  to   space 5120K, 0% used [0x00000007da200000,0x00000007da200000,0x00000007da700000)
 ParOldGen       total 86528K, used 406K [0x0000000781400000, 0x0000000786880000, 0x00000007d5c00000)
  object space 86528K, 0% used [0x0000000781400000,0x0000000781465838,0x0000000786880000)
 PSPermGen       total 21504K, used 13611K [0x000000077c200000, 0x000000077d700000, 0x0000000781400000)
  object space 21504K, 63% used [0x000000077c200000,0x000000077cf4acc0,0x000000077d700000)

Card table byte_map: [0x0000000005760000,0x0000000005b80000] byte_map_base: 0x0000000001b7f000

Polling page: 0x0000000000150000

Code Cache  [0x0000000002760000, 0x00000000029d0000, 0x0000000005760000)
 total_blobs=408 nmethods=130 adapters=238 free_code_cache=48404Kb largest_free_block=49541184

Compilation events (10 events):
Event: 66.689 Thread 0x000000000cedc000  126             java.net.URI$Parser::charAt (9 bytes)
Event: 66.690 Thread 0x000000000cedc000 nmethod 126 0x000000000281dbd0 code [0x000000000281dd20, 0x000000000281de78]
Event: 68.770 Thread 0x000000000cedb000  127             java.util.ArrayList::ensureCapacityInternal (23 bytes)
Event: 68.770 Thread 0x000000000cedc000  128             java.util.ArrayList::ensureExplicitCapacity (26 bytes)
Event: 68.775 Thread 0x000000000cedc000 nmethod 128 0x00000000028153d0 code [0x0000000002815520, 0x00000000028157e8]
Event: 68.775 Thread 0x000000000cedb000 nmethod 127 0x0000000002816f50 code [0x00000000028170a0, 0x00000000028173c8]
Event: 69.517 Thread 0x000000000cedc000  129             java.util.ArrayList::add (29 bytes)
Event: 69.521 Thread 0x000000000cedc000 nmethod 129 0x0000000002816650 code [0x00000000028167a0, 0x0000000002816bc8]
Event: 105.789 Thread 0x000000000cedb000  130             java.lang.AbstractStringBuilder::<init> (12 bytes)
Event: 105.790 Thread 0x000000000cedb000 nmethod 130 0x00000000028178d0 code [0x0000000002817a20, 0x0000000002817b38]

GC Heap History (2 events):
Event: 1.086 GC heap before
{Heap before GC invocations=1 (full 0):
 PSYoungGen      total 38400K, used 33280K [0x00000007d5c00000, 0x00000007d8680000, 0x0000000800000000)
  eden space 33280K, 100% used [0x00000007d5c00000,0x00000007d7c80000,0x00000007d7c80000)
  from space 5120K, 0% used [0x00000007d8180000,0x00000007d8180000,0x00000007d8680000)
  to   space 5120K, 0% used [0x00000007d7c80000,0x00000007d7c80000,0x00000007d8180000)
 ParOldGen       total 86528K, used 0K [0x0000000781400000, 0x0000000786880000, 0x00000007d5c00000)
  object space 86528K, 0% used [0x0000000781400000,0x0000000781400000,0x0000000786880000)
 PSPermGen       total 21504K, used 10510K [0x000000077c200000, 0x000000077d700000, 0x0000000781400000)
  object space 21504K, 48% used [0x000000077c200000,0x000000077cc43a90,0x000000077d700000)
Event: 1.105 GC heap after
Heap after GC invocations=1 (full 0):
 PSYoungGen      total 38400K, used 5109K [0x00000007d5c00000, 0x00000007da700000, 0x0000000800000000)
  eden space 33280K, 0% used [0x00000007d5c00000,0x00000007d5c00000,0x00000007d7c80000)
  from space 5120K, 99% used [0x00000007d7c80000,0x00000007d817d6c0,0x00000007d8180000)
  to   space 5120K, 0% used [0x00000007da200000,0x00000007da200000,0x00000007da700000)
 ParOldGen       total 86528K, used 406K [0x0000000781400000, 0x0000000786880000, 0x00000007d5c00000)
  object space 86528K, 0% used [0x0000000781400000,0x0000000781465838,0x0000000786880000)
 PSPermGen       total 21504K, used 10510K [0x000000077c200000, 0x000000077d700000, 0x0000000781400000)
  object space 21504K, 48% used [0x000000077c200000,0x000000077cc43a90,0x000000077d700000)
}

Deoptimization events (4 events):
Event: 0.729 Thread 0x000000000239e800 Uncommon trap: reason=null_check action=make_not_entrant pc=0x00000000027c6cd8 method=java.lang.String.equals(Ljava/lang/Object;)Z @ 8
Event: 1.204 Thread 0x000000000239e800 Uncommon trap: reason=class_check action=maybe_recompile pc=0x00000000027db0dc method=java.util.Properties$LineReader.readLine()I @ 62
Event: 1.204 Thread 0x000000000239e800 Uncommon trap: reason=class_check action=maybe_recompile pc=0x00000000027db0dc method=java.util.Properties$LineReader.readLine()I @ 62
Event: 5.771 Thread 0x000000000239e800 Uncommon trap: reason=unreached action=reinterpret pc=0x00000000028118a4 method=java.util.concurrent.ConcurrentHashMap$Segment.put(Ljava/lang/Object;ILjava/lang/Object;Z)Ljava/lang/Object; @ 62

Internal exceptions (10 events):
Event: 50.722 Thread 0x000000000239e800 Threw 0x00000007d70b67c0 at C:\re\jdk7u79\2331\hotspot\src\share\vm\prims\jvm.cpp:1304
Event: 105.790 Thread 0x000000000239e800 Threw 0x00000007d71776b8 at C:\re\jdk7u79\2331\hotspot\src\share\vm\prims\jvm.cpp:1304
Event: 105.791 Thread 0x000000000239e800 Threw 0x00000007d717d718 at C:\re\jdk7u79\2331\hotspot\src\share\vm\prims\jvm.cpp:1304
Event: 105.792 Thread 0x000000000239e800 Threw 0x00000007d7185ad0 at C:\re\jdk7u79\2331\hotspot\src\share\vm\prims\jvm.cpp:1304
Event: 105.792 Thread 0x000000000239e800 Threw 0x00000007d718cc70 at C:\re\jdk7u79\2331\hotspot\src\share\vm\prims\jvm.cpp:1304
Event: 105.792 Thread 0x000000000239e800 Threw 0x00000007d7193458 at C:\re\jdk7u79\2331\hotspot\src\share\vm\prims\jvm.cpp:1304
Event: 105.793 Thread 0x000000000239e800 Threw 0x00000007d7199c40 at C:\re\jdk7u79\2331\hotspot\src\share\vm\prims\jvm.cpp:1304
Event: 105.793 Thread 0x000000000239e800 Threw 0x00000007d71a0468 at C:\re\jdk7u79\2331\hotspot\src\share\vm\prims\jvm.cpp:1304
Event: 105.793 Thread 0x000000000239e800 Threw 0x00000007d71a6e18 at C:\re\jdk7u79\2331\hotspot\src\share\vm\prims\jvm.cpp:1304
Event: 105.811 Thread 0x000000000239e800 Threw 0x00000007d71b2220 at C:\re\jdk7u79\2331\hotspot\src\share\vm\prims\jvm.cpp:1304

Events (10 events):
Event: 17331.319 Executing VM operation: GetCurrentLocation
Event: 17331.319 Executing VM operation: GetCurrentLocation done
Event: 17331.319 Executing VM operation: ChangeSingleStep
Event: 17331.319 Executing VM operation: ChangeSingleStep done
Event: 17331.344 Executing VM operation: ChangeSingleStep
Event: 17331.344 Executing VM operation: ChangeSingleStep done
Event: 17331.392 Executing VM operation: GetOrSetLocal
Event: 17331.392 Executing VM operation: GetOrSetLocal done
Event: 17331.449 Executing VM operation: GetOrSetLocal
Event: 17331.449 Executing VM operation: GetOrSetLocal done


Dynamic libraries:
0x000000013f110000 - 0x000000013f143000 	C:\Program Files\Java\jdk1.7.0_79\bin\javaw.exe
0x00000000777b0000 - 0x000000007795a000 	C:\Windows\SYSTEM32\ntdll.dll
0x0000000077590000 - 0x00000000776af000 	C:\Windows\system32\kernel32.dll
0x000007fefd500000 - 0x000007fefd56a000 	C:\Windows\system32\KERNELBASE.dll
0x000007fefd970000 - 0x000007fefda4b000 	C:\Windows\system32\ADVAPI32.dll
0x000007fefd8a0000 - 0x000007fefd93f000 	C:\Windows\system32\msvcrt.dll
0x000007fefe060000 - 0x000007fefe07f000 	C:\Windows\SYSTEM32\sechost.dll
0x000007feff7f0000 - 0x000007feff91d000 	C:\Windows\system32\RPCRT4.dll
0x00000000776b0000 - 0x00000000777aa000 	C:\Windows\system32\USER32.dll
0x000007fefe600000 - 0x000007fefe667000 	C:\Windows\system32\GDI32.dll
0x000007fefe500000 - 0x000007fefe50e000 	C:\Windows\system32\LPK.dll
0x000007fefe080000 - 0x000007fefe14a000 	C:\Windows\system32\USP10.dll
0x000007fefc0a0000 - 0x000007fefc294000 	C:\Windows\WinSxS\amd64_microsoft.windows.common-controls_6595b64144ccf1df_6.0.7601.18837_none_fa3b1e3d17594757\COMCTL32.dll
0x000007feff920000 - 0x000007feff991000 	C:\Windows\system32\SHLWAPI.dll
0x000007fefd940000 - 0x000007fefd96e000 	C:\Windows\system32\IMM32.DLL
0x000007fefe150000 - 0x000007fefe259000 	C:\Windows\system32\MSCTF.dll
0x000007fef50d0000 - 0x000007fef517e000 	C:\Program Files\McAfee\Endpoint Security\Threat Prevention\Ips\EpMPApi.dll
0x000007fefd840000 - 0x000007fefd87b000 	C:\Windows\system32\WINTRUST.dll
0x000007fefd5a0000 - 0x000007fefd70d000 	C:\Windows\system32\CRYPT32.dll
0x000007fefd4e0000 - 0x000007fefd4ef000 	C:\Windows\system32\MSASN1.dll
0x0000000073d90000 - 0x0000000073d9b000 	C:\Program Files\McAfee\Endpoint Security\Threat Prevention\Ips\EpMPThe.dll
0x0000000066ba0000 - 0x0000000066c72000 	C:\Program Files\Java\jdk1.7.0_79\jre\bin\msvcr100.dll
0x000000006ec70000 - 0x000000006f445000 	C:\Program Files\Java\jdk1.7.0_79\jre\bin\server\jvm.dll
0x000007fed5130000 - 0x000007fed5139000 	C:\Windows\system32\WSOCK32.dll
0x000007fefe3f0000 - 0x000007fefe43d000 	C:\Windows\system32\WS2_32.dll
0x000007fefe510000 - 0x000007fefe518000 	C:\Windows\system32\NSI.dll
0x000007fefaf70000 - 0x000007fefafab000 	C:\Windows\system32\WINMM.dll
0x0000000077970000 - 0x0000000077977000 	C:\Windows\system32\PSAPI.DLL
0x0000000072b30000 - 0x0000000072b3f000 	C:\Program Files\Java\jdk1.7.0_79\jre\bin\verify.dll
0x00000000666f0000 - 0x0000000066718000 	C:\Program Files\Java\jdk1.7.0_79\jre\bin\java.dll
0x00000000670a0000 - 0x00000000670d5000 	C:\Program Files\Java\jdk1.7.0_79\jre\bin\jdwp.dll
0x0000000072b20000 - 0x0000000072b28000 	C:\Program Files\Java\jdk1.7.0_79\jre\bin\npt.dll
0x0000000067110000 - 0x0000000067125000 	C:\Program Files\Java\jdk1.7.0_79\jre\bin\zip.dll
0x00000000706c0000 - 0x00000000706c9000 	C:\Program Files\Java\jdk1.7.0_79\jre\bin\dt_socket.dll
0x000007fefaee0000 - 0x000007fefaef5000 	C:\Windows\system32\NLAapi.dll
0x000007fef5d50000 - 0x000007fef5d65000 	C:\Windows\system32\napinsp.dll
0x000007fef5d30000 - 0x000007fef5d49000 	C:\Windows\system32\pnrpnsp.dll
0x000007fefcd60000 - 0x000007fefcdb5000 	C:\Windows\System32\mswsock.dll
0x000007fefcb00000 - 0x000007fefcb5b000 	C:\Windows\system32\DNSAPI.dll
0x000007fef5d20000 - 0x000007fef5d2b000 	C:\Windows\System32\winrnr.dll
0x000007fef9fb0000 - 0x000007fef9fd7000 	C:\Windows\system32\IPHLPAPI.DLL
0x000007fef9fa0000 - 0x000007fef9fab000 	C:\Windows\system32\WINNSI.DLL
0x000007fef9dd0000 - 0x000007fef9e23000 	C:\Windows\System32\fwpuclnt.dll
0x000007fef8510000 - 0x000007fef8518000 	C:\Windows\system32\rasadhlp.dll
0x000007fefc690000 - 0x000007fefc697000 	C:\Windows\System32\wshtcpip.dll
0x0000000071e80000 - 0x0000000071e9a000 	C:\Program Files\Java\jdk1.7.0_79\jre\bin\net.dll
0x000007fefd030000 - 0x000007fefd037000 	C:\Windows\System32\wship6.dll
0x000007fef9e80000 - 0x000007fef9e91000 	C:\Windows\system32\dhcpcsvc6.DLL
0x000007fef9e60000 - 0x000007fef9e78000 	C:\Windows\system32\dhcpcsvc.DLL
0x000007fefce50000 - 0x000007fefce68000 	C:\Windows\system32\CRYPTSP.dll
0x000007fefc9e0000 - 0x000007fefca27000 	C:\Windows\system32\rsaenh.dll
0x000007fefd570000 - 0x000007fefd58e000 	C:\Windows\system32\USERENV.dll
0x000007fefd4f0000 - 0x000007fefd4ff000 	C:\Windows\system32\profapi.dll
0x000007fefd2e0000 - 0x000007fefd2ef000 	C:\Windows\system32\CRYPTBASE.dll
0x00000000666d0000 - 0x00000000666e1000 	C:\Program Files\Java\jdk1.7.0_79\jre\bin\nio.dll
0x0000000065b50000 - 0x0000000065b74000 	C:\Program Files\Java\jdk1.7.0_79\jre\bin\sunec.dll
0x0000000001d10000 - 0x0000000001d1b000 	C:\Program Files\Java\jdk1.7.0_79\jre\bin\sunmscapi.dll
0x000007fefd390000 - 0x000007fefd3e7000 	C:\Windows\system32\apphelp.dll
0x000007fefa740000 - 0x000007fefa865000 	C:\Windows\system32\dbghelp.dll

VM Arguments:
jvm_args: -agentlib:jdwp=transport=dt_socket,suspend=y,address=localhost:52137 -Dfile.encoding=Cp1252 
java_command: SeleniumScripts.GmailOpenMailSearch
Launcher Type: SUN_STANDARD

Environment Variables:
JAVA_HOME=C:\Program Files\Java\jdk1.7.0_79
PATH=C:\Program Files\Java\jdk1.7.0_79\jre\bin;C:/Program Files/Java/jdk1.7.0_79/bin/../jre/bin/server;C:/Program Files/Java/jdk1.7.0_79/bin/../jre/bin;C:/Program Files/Java/jdk1.7.0_79/bin/../jre/lib/amd64;C:\Program Files (x86)\Intel\iCLS Client\;C:\Program Files\Intel\iCLS Client\;C:\Windows\system32;C:\Windows;C:\Windows\System32\Wbem;C:\Windows\System32\WindowsPowerShell\v1.0\;C:\Program Files\Intel\Intel(R) Management Engine Components\DAL;C:\Program Files\Intel\Intel(R) Management Engine Components\IPT;C:\Program Files (x86)\Intel\Intel(R) Management Engine Components\DAL;C:\Program Files (x86)\Intel\Intel(R) Management Engine Components\IPT;C:\Program Files (x86)\Microsoft SQL Server\100\Tools\Binn\VSShell\Common7\IDE\;C:\Program Files (x86)\Microsoft SQL Server\100\Tools\Binn\;C:\Program Files\Microsoft SQL Server\100\Tools\Binn\;C:\Program Files (x86)\Microsoft SQL Server\100\DTS\Binn\;E:\Mee\sqljdbc-1.2.0.jar;C:\Program Files\Java\jdk1.7.0_79\bin;E:\Mee\sdk\platform-tools; E:\Mee\sdk\tools;E:\Mee\sdk\platform-tools;E:\Mee\sdk\tools;E:\Mee\eclipse\plugins\org.apache.ant_1.8.2.v20120109-1030\bin;C:\Program Files\Java\jdk1.7.0_79\bin;C:\Program Files\Java\jre7\bin;C:\Python34;E:\Mee\sikuli\sikuli\APP\libs;E:\Mee\Sele Notes\jars\libs;E:\Mee\sikuli\sikuli\APP\libs;E:\Mee\eclipse;
USERNAME=prem.gupta
OS=Windows_NT
PROCESSOR_IDENTIFIER=Intel64 Family 6 Model 60 Stepping 3, GenuineIntel



---------------  S Y S T E M  ---------------

OS: Windows 7 , 64 bit Build 7601 Service Pack 1

CPU:total 4 (4 cores per cpu, 1 threads per core) family 6 model 60 stepping 3, cmov, cx8, fxsr, mmx, sse, sse2, sse3, ssse3, sse4.1, sse4.2, popcnt, avx, avx2, aes, erms, tsc, tscinvbit

Memory: 4k page, physical 8299360k(1688256k free), swap 16596860k(4514064k free)

vm_info: Java HotSpot(TM) 64-Bit Server VM (24.79-b02) for windows-amd64 JRE (1.7.0_79-b15), built on Apr 10 2015 12:36:16 by "java_re" with unknown MS VC++:1600

time: Wed Mar 15 17:33:55 2017
elapsed time: 17331 seconds

